2026-04-03 20:45:12 [INFO] main: ============================================================
2026-04-03 20:45:12 [INFO] main: MODO PREVIEW — os dados NÃO são enviados ao Laravel
2026-04-03 20:45:12 [INFO] main: A mostrar os primeiros 10 anúncios em JSON
2026-04-03 20:45:12 [INFO] main: Filtros de pesquisa: {'brand': 'Mercedes-Benz', 'model': 'C 200', 'year_from': 2017, 'year_to': 2017, 'fuel': 'diesel', 'gearbox': 'automatic'}
2026-04-03 20:45:12 [INFO] main: ============================================================
2026-04-03 20:45:12 [INFO] debug: QUERY PARAMS FINAL: {'search[order]': 'created_at_first:desc', 'page': 1, 'search[filter_enum_make][0]': 'mercedes-benz', 'search[filter_enum_model][0]': 'c200', 'search[filter_float_first_registration_year:from]': 2017, 'search[filter_float_first_registration_year:to]': 2017, 'search[filter_enum_fuel_type][0]': 'diesel', 'search[filter_enum_gearbox][0]': 'automatic'}
2026-04-03 20:45:12 [INFO] scraper: PARAMS USADOS NA REQUEST: {'search[order]': 'created_at_first:desc', 'page': 1, 'search[filter_enum_make][0]': 'mercedes-benz', 'search[filter_enum_model][0]': 'c200', 'search[filter_float_first_registration_year:from]': 2017, 'search[filter_float_first_registration_year:to]': 2017, 'search[filter_enum_fuel_type][0]': 'diesel', 'search[filter_enum_gearbox][0]': 'automatic'}
2026-04-03 20:45:12 [INFO] scraper: A iniciar scraping: https://www.standvirtual.com/carros
2026-04-03 20:45:12 [INFO] scraper: Filtros ativos: {'brand': 'Mercedes-Benz', 'model': 'C 200', 'year_from': 2017, 'year_to': 2017, 'fuel': 'diesel', 'gearbox': 'automatic'}
2026-04-03 20:45:13 [INFO] scraper: Total de páginas a scraper: 1
2026-04-03 20:45:13 [WARNING] scraper: Nenhum edge/anúncio encontrado no advertSearch.
2026-04-03 20:45:13 [INFO] scraper: Página 1/1: 0 anúncios
2026-04-03 20:57:27 [INFO] main: ============================================================
2026-04-03 20:57:27 [INFO] main: MODO PREVIEW — os dados NÃO são enviados ao Laravel
2026-04-03 20:57:27 [INFO] main: A mostrar os primeiros 10 anúncios em JSON
2026-04-03 20:57:27 [INFO] main: Filtros de pesquisa: {'brand': 'Mercedes-Benz', 'model': 'C 200', 'year_from': 2017, 'year_to': 2017, 'fuel': 'diesel', 'gearbox': 'automatic'}
2026-04-03 20:57:27 [INFO] main: ============================================================
2026-04-03 20:57:27 [INFO] debug: QUERY PARAMS FINAL: {'search[order]': 'created_at_first:desc', 'page': 1, 'search[filter_enum_make][0]': 'mercedes-benz', 'search[filter_enum_model][0]': 'c-200', 'search[filter_float_first_registration_year:from]': 2017, 'search[filter_float_first_registration_year:to]': 2017, 'search[filter_enum_fuel_type][0]': 'diesel', 'search[filter_enum_gearbox][0]': 'automatic'}
2026-04-03 20:57:27 [INFO] scraper: PARAMS USADOS NA REQUEST: {'search[order]': 'created_at_first:desc', 'page': 1, 'search[filter_enum_make][0]': 'mercedes-benz', 'search[filter_enum_model][0]': 'c-200', 'search[filter_float_first_registration_year:from]': 2017, 'search[filter_float_first_registration_year:to]': 2017, 'search[filter_enum_fuel_type][0]': 'diesel', 'search[filter_enum_gearbox][0]': 'automatic'}
2026-04-03 20:57:27 [INFO] scraper: A iniciar scraping: https://www.standvirtual.com/carros
2026-04-03 20:57:27 [INFO] scraper: Filtros ativos: {'brand': 'Mercedes-Benz', 'model': 'C 200', 'year_from': 2017, 'year_to': 2017, 'fuel': 'diesel', 'gearbox': 'automatic'}
2026-04-03 20:57:28 [INFO] scraper: Total de páginas a scraper: 1
2026-04-03 20:57:28 [INFO] scraper: Página 1/1: 7 anúncios
2026-04-03 21:02:19 [INFO] main: ============================================================
2026-04-03 21:02:19 [INFO] main: MODO PREVIEW — os dados NÃO são enviados ao Laravel
2026-04-03 21:02:19 [INFO] main: A mostrar os primeiros 10 anúncios em JSON
2026-04-03 21:02:19 [INFO] main: Filtros de pesquisa: {'brand': 'Mercedes-Benz', 'model': 'C 200', 'year_from': 2017, 'year_to': 2017, 'fuel': 'diesel', 'gearbox': 'automatic'}
2026-04-03 21:02:19 [INFO] main: ============================================================
2026-04-03 21:02:19 [INFO] debug: QUERY PARAMS FINAL: {'search[order]': 'created_at_first:desc', 'page': 1, 'search[filter_enum_make][0]': 'mercedes-benz', 'search[filter_enum_model][0]': 'c-200', 'search[filter_float_first_registration_year:from]': 2017, 'search[filter_float_first_registration_year:to]': 2017, 'search[filter_enum_fuel_type][0]': 'diesel', 'search[filter_enum_gearbox][0]': 'automatic'}
2026-04-03 21:02:19 [INFO] scraper: PARAMS USADOS NA REQUEST: {'search[order]': 'created_at_first:desc', 'page': 1, 'search[filter_enum_make][0]': 'mercedes-benz', 'search[filter_enum_model][0]': 'c-200', 'search[filter_float_first_registration_year:from]': 2017, 'search[filter_float_first_registration_year:to]': 2017, 'search[filter_enum_fuel_type][0]': 'diesel', 'search[filter_enum_gearbox][0]': 'automatic'}
2026-04-03 21:02:19 [INFO] scraper: A iniciar scraping: https://www.standvirtual.com/carros
2026-04-03 21:02:19 [INFO] scraper: Filtros ativos: {'brand': 'Mercedes-Benz', 'model': 'C 200', 'year_from': 2017, 'year_to': 2017, 'fuel': 'diesel', 'gearbox': 'automatic'}
2026-04-03 21:02:20 [INFO] scraper: Total de páginas a scraper: 1
2026-04-03 21:02:20 [INFO] scraper: Página 1/1: 7 anúncios
2026-04-03 21:06:43 [INFO] debug: QUERY PARAMS FINAL: {'search[order]': 'created_at_first:desc', 'page': 1, 'search[filter_enum_make][0]': 'mercedes-benz', 'search[filter_enum_model][0]': 'c-200', 'search[filter_float_first_registration_year:from]': 2017, 'search[filter_float_first_registration_year:to]': 2017, 'search[filter_enum_fuel_type][0]': 'diesel', 'search[filter_enum_gearbox][0]': 'automatic'}
2026-04-03 21:06:43 [INFO] scraper: PARAMS USADOS NA REQUEST: {'search[order]': 'created_at_first:desc', 'page': 1, 'search[filter_enum_make][0]': 'mercedes-benz', 'search[filter_enum_model][0]': 'c-200', 'search[filter_float_first_registration_year:from]': 2017, 'search[filter_float_first_registration_year:to]': 2017, 'search[filter_enum_fuel_type][0]': 'diesel', 'search[filter_enum_gearbox][0]': 'automatic'}
2026-04-03 21:06:43 [INFO] scraper: A iniciar scraping: https://www.standvirtual.com/carros
2026-04-03 21:06:43 [INFO] scraper: Filtros ativos: {'brand': 'Mercedes-Benz', 'model': 'C 200', 'year_from': 2017, 'year_to': 2017, 'fuel': 'diesel', 'gearbox': 'automatic'}
2026-04-03 21:06:45 [INFO] scraper: Total de páginas a scraper: 1
2026-04-03 21:06:45 [INFO] scraper: Página 1/1: 7 anúncios
2026-04-03 21:12:04 [INFO] debug: QUERY PARAMS FINAL: {'search[order]': 'created_at_first:desc', 'page': 1, 'search[filter_enum_make][0]': 'mercedes-benz', 'search[filter_enum_model][0]': 'c-200', 'search[filter_float_first_registration_year:from]': 2017, 'search[filter_float_first_registration_year:to]': 2017, 'search[filter_enum_fuel_type][0]': 'diesel', 'search[filter_enum_gearbox][0]': 'automatic'}
2026-04-03 21:12:04 [INFO] scraper: PARAMS USADOS NA REQUEST: {'search[order]': 'created_at_first:desc', 'page': 1, 'search[filter_enum_make][0]': 'mercedes-benz', 'search[filter_enum_model][0]': 'c-200', 'search[filter_float_first_registration_year:from]': 2017, 'search[filter_float_first_registration_year:to]': 2017, 'search[filter_enum_fuel_type][0]': 'diesel', 'search[filter_enum_gearbox][0]': 'automatic'}
2026-04-03 21:12:04 [INFO] scraper: A iniciar scraping: https://www.standvirtual.com/carros
2026-04-03 21:12:04 [INFO] scraper: Filtros ativos: {'brand': 'Mercedes-Benz', 'model': 'C 200', 'year_from': 2017, 'year_to': 2017, 'fuel': 'diesel', 'gearbox': 'automatic'}
2026-04-03 21:12:05 [INFO] scraper: Total de páginas a scraper: 1
2026-04-03 21:12:05 [INFO] scraper: Página 1/1: 7 anúncios
2026-04-03 21:12:18 [ERROR] sender: Não foi possível ligar ao Laravel em http://localhost:8001/api/market/snapshots. Verificar LARAVEL_API_URL.
2026-04-03 21:12:28 [ERROR] sender: Não foi possível ligar ao Laravel em http://localhost:8001/api/market/snapshots. Verificar LARAVEL_API_URL.
2026-04-03 21:12:38 [ERROR] sender: Não foi possível ligar ao Laravel em http://localhost:8001/api/market/snapshots. Verificar LARAVEL_API_URL.
2026-04-03 21:12:38 [ERROR] sender: Falhou batch de 7 snapshots. Total falhas: 7
2026-04-03 21:16:09 [INFO] debug: QUERY PARAMS FINAL: {'search[order]': 'created_at_first:desc', 'page': 1, 'search[filter_enum_make][0]': 'mercedes-benz', 'search[filter_enum_model][0]': 'c-200', 'search[filter_float_first_registration_year:from]': 2017, 'search[filter_float_first_registration_year:to]': 2017, 'search[filter_enum_fuel_type][0]': 'diesel', 'search[filter_enum_gearbox][0]': 'automatic'}
2026-04-03 21:16:09 [INFO] scraper: PARAMS USADOS NA REQUEST: {'search[order]': 'created_at_first:desc', 'page': 1, 'search[filter_enum_make][0]': 'mercedes-benz', 'search[filter_enum_model][0]': 'c-200', 'search[filter_float_first_registration_year:from]': 2017, 'search[filter_float_first_registration_year:to]': 2017, 'search[filter_enum_fuel_type][0]': 'diesel', 'search[filter_enum_gearbox][0]': 'automatic'}
2026-04-03 21:16:09 [INFO] scraper: A iniciar scraping: https://www.standvirtual.com/carros
2026-04-03 21:16:09 [INFO] scraper: Filtros ativos: {'brand': 'Mercedes-Benz', 'model': 'C 200', 'year_from': 2017, 'year_to': 2017, 'fuel': 'diesel', 'gearbox': 'automatic'}
2026-04-03 21:16:10 [INFO] scraper: Total de páginas a scraper: 1
2026-04-03 21:16:10 [INFO] scraper: Página 1/1: 7 anúncios
2026-04-03 21:16:24 [INFO] sender: Batch enviado: 7 snapshots. Total: 7
2026-04-03 21:17:09 [INFO] debug: QUERY PARAMS FINAL: {'search[order]': 'created_at_first:desc', 'page': 1, 'search[filter_enum_make][0]': 'fiat', 'search[filter_enum_model][0]': '500e', 'search[filter_float_first_registration_year:from]': 2021, 'search[filter_float_first_registration_year:to]': 2021, 'search[filter_enum_fuel_type][0]': 'electric', 'search[filter_enum_gearbox][0]': 'automatic'}
2026-04-03 21:17:09 [INFO] scraper: PARAMS USADOS NA REQUEST: {'search[order]': 'created_at_first:desc', 'page': 1, 'search[filter_enum_make][0]': 'fiat', 'search[filter_enum_model][0]': '500e', 'search[filter_float_first_registration_year:from]': 2021, 'search[filter_float_first_registration_year:to]': 2021, 'search[filter_enum_fuel_type][0]': 'electric', 'search[filter_enum_gearbox][0]': 'automatic'}
2026-04-03 21:17:09 [INFO] scraper: A iniciar scraping: https://www.standvirtual.com/carros
2026-04-03 21:17:09 [INFO] scraper: Filtros ativos: {'brand': 'Fiat', 'model': '500e', 'year_from': 2021, 'year_to': 2021, 'fuel': 'electric', 'gearbox': 'automatic'}
2026-04-03 21:17:10 [INFO] scraper: Total de páginas a scraper: 1
2026-04-03 21:17:10 [INFO] scraper: Página 1/1: 10 anúncios
2026-04-03 21:17:30 [INFO] sender: Batch enviado: 10 snapshots. Total: 10
2026-04-03 21:25:35 [INFO] debug: QUERY PARAMS FINAL: {'search[order]': 'created_at_first:desc', 'page': 1, 'search[filter_enum_make][0]': 'fiat', 'search[filter_enum_model][0]': '500e', 'search[filter_float_first_registration_year:from]': 2021, 'search[filter_float_first_registration_year:to]': 2021, 'search[filter_enum_fuel_type][0]': 'electric', 'search[filter_enum_gearbox][0]': 'automatic'}
2026-04-03 21:25:35 [INFO] scraper: PARAMS USADOS NA REQUEST: {'search[order]': 'created_at_first:desc', 'page': 1, 'search[filter_enum_make][0]': 'fiat', 'search[filter_enum_model][0]': '500e', 'search[filter_float_first_registration_year:from]': 2021, 'search[filter_float_first_registration_year:to]': 2021, 'search[filter_enum_fuel_type][0]': 'electric', 'search[filter_enum_gearbox][0]': 'automatic'}
2026-04-03 21:25:35 [INFO] scraper: A iniciar scraping: https://www.standvirtual.com/carros
2026-04-03 21:25:35 [INFO] scraper: Filtros ativos: {'brand': 'Fiat', 'model': '500e', 'year_from': 2021, 'year_to': 2021, 'fuel': 'electric', 'gearbox': 'automatic'}
2026-04-03 21:25:36 [INFO] scraper: Total de páginas a scraper: 1
2026-04-03 21:25:36 [INFO] scraper: Página 1/1: 10 anúncios
2026-04-03 21:25:56 [INFO] sender: Batch enviado: 10 snapshots. Total: 10
2026-04-03 21:25:56 [INFO] debug: QUERY PARAMS FINAL: {'search[order]': 'created_at_first:desc', 'page': 1, 'search[filter_enum_make][0]': 'fiat', 'search[filter_enum_model][0]': '500e', 'search[filter_float_first_registration_year:from]': 2021, 'search[filter_float_first_registration_year:to]': 2021, 'search[filter_enum_fuel_type][0]': 'electric', 'search[filter_enum_gearbox][0]': 'automatic'}
2026-04-03 21:25:56 [INFO] scraper: PARAMS USADOS NA REQUEST: {'search[order]': 'created_at_first:desc', 'page': 1, 'search[filter_enum_make][0]': 'fiat', 'search[filter_enum_model][0]': '500e', 'search[filter_float_first_registration_year:from]': 2021, 'search[filter_float_first_registration_year:to]': 2021, 'search[filter_enum_fuel_type][0]': 'electric', 'search[filter_enum_gearbox][0]': 'automatic'}
2026-04-03 21:25:56 [INFO] scraper: A iniciar scraping: https://www.standvirtual.com/carros
2026-04-03 21:25:56 [INFO] scraper: Filtros ativos: {'brand': 'Fiat', 'model': '500e', 'year_from': 2021, 'year_to': 2021, 'fuel': 'electric', 'gearbox': 'automatic'}
2026-04-03 21:25:57 [INFO] scraper: Total de páginas a scraper: 1
2026-04-03 21:25:57 [INFO] scraper: Página 1/1: 10 anúncios
2026-04-03 21:25:58 [INFO] debug: QUERY PARAMS FINAL: {'search[order]': 'created_at_first:desc', 'page': 1, 'search[filter_enum_make][0]': 'fiat', 'search[filter_enum_model][0]': '500e', 'search[filter_float_first_registration_year:from]': 2021, 'search[filter_float_first_registration_year:to]': 2021, 'search[filter_enum_fuel_type][0]': 'electric', 'search[filter_enum_gearbox][0]': 'automatic'}
2026-04-03 21:25:58 [INFO] scraper: PARAMS USADOS NA REQUEST: {'search[order]': 'created_at_first:desc', 'page': 1, 'search[filter_enum_make][0]': 'fiat', 'search[filter_enum_model][0]': '500e', 'search[filter_float_first_registration_year:from]': 2021, 'search[filter_float_first_registration_year:to]': 2021, 'search[filter_enum_fuel_type][0]': 'electric', 'search[filter_enum_gearbox][0]': 'automatic'}
2026-04-03 21:25:58 [INFO] scraper: A iniciar scraping: https://www.standvirtual.com/carros
2026-04-03 21:25:58 [INFO] scraper: Filtros ativos: {'brand': 'Fiat', 'model': '500e', 'year_from': 2021, 'year_to': 2021, 'fuel': 'electric', 'gearbox': 'automatic'}
2026-04-03 21:25:59 [INFO] scraper: Total de páginas a scraper: 1
2026-04-03 21:25:59 [INFO] scraper: Página 1/1: 10 anúncios
2026-04-03 21:26:26 [INFO] sender: Batch enviado: 10 snapshots. Total: 10
2026-04-03 21:26:38 [INFO] debug: QUERY PARAMS FINAL: {'search[order]': 'created_at_first:desc', 'page': 1, 'search[filter_enum_make][0]': 'fiat', 'search[filter_enum_model][0]': '500e', 'search[filter_float_first_registration_year:from]': 2021, 'search[filter_float_first_registration_year:to]': 2021, 'search[filter_enum_fuel_type][0]': 'electric', 'search[filter_enum_gearbox][0]': 'automatic'}
2026-04-03 21:26:38 [INFO] scraper: PARAMS USADOS NA REQUEST: {'search[order]': 'created_at_first:desc', 'page': 1, 'search[filter_enum_make][0]': 'fiat', 'search[filter_enum_model][0]': '500e', 'search[filter_float_first_registration_year:from]': 2021, 'search[filter_float_first_registration_year:to]': 2021, 'search[filter_enum_fuel_type][0]': 'electric', 'search[filter_enum_gearbox][0]': 'automatic'}
2026-04-03 21:26:38 [INFO] scraper: A iniciar scraping: https://www.standvirtual.com/carros
2026-04-03 21:26:38 [INFO] scraper: Filtros ativos: {'brand': 'Fiat', 'model': '500e', 'year_from': 2021, 'year_to': 2021, 'fuel': 'electric', 'gearbox': 'automatic'}
2026-04-03 21:26:41 [INFO] scraper: Total de páginas a scraper: 1
2026-04-03 21:26:41 [INFO] scraper: Página 1/1: 10 anúncios
2026-04-03 21:27:16 [ERROR] scraper: Erro de rede em https://www.standvirtual.com/carros/anuncio/fiat-500e-ver-42kwh-icon-ID8PXEln.html: HTTPSConnectionPool(host='www.standvirtual.com', port=443): Read timed out. (read timeout=15)
2026-04-03 21:27:47 [INFO] sender: Batch enviado: 10 snapshots. Total: 10
2026-04-03 21:27:48 [INFO] debug: QUERY PARAMS FINAL: {'search[order]': 'created_at_first:desc', 'page': 1, 'search[filter_enum_make][0]': 'fiat', 'search[filter_enum_model][0]': '500e', 'search[filter_float_first_registration_year:from]': 2021, 'search[filter_float_first_registration_year:to]': 2021, 'search[filter_enum_fuel_type][0]': 'electric', 'search[filter_enum_gearbox][0]': 'automatic'}
2026-04-03 21:27:48 [INFO] scraper: PARAMS USADOS NA REQUEST: {'search[order]': 'created_at_first:desc', 'page': 1, 'search[filter_enum_make][0]': 'fiat', 'search[filter_enum_model][0]': '500e', 'search[filter_float_first_registration_year:from]': 2021, 'search[filter_float_first_registration_year:to]': 2021, 'search[filter_enum_fuel_type][0]': 'electric', 'search[filter_enum_gearbox][0]': 'automatic'}
2026-04-03 21:27:48 [INFO] scraper: A iniciar scraping: https://www.standvirtual.com/carros
2026-04-03 21:27:48 [INFO] scraper: Filtros ativos: {'brand': 'Fiat', 'model': '500e', 'year_from': 2021, 'year_to': 2021, 'fuel': 'electric', 'gearbox': 'automatic'}
2026-04-03 21:27:49 [INFO] scraper: Total de páginas a scraper: 1
2026-04-03 21:27:49 [INFO] scraper: Página 1/1: 10 anúncios
2026-04-03 21:28:10 [INFO] sender: Batch enviado: 10 snapshots. Total: 10
2026-04-03 21:28:10 [INFO] debug: QUERY PARAMS FINAL: {'search[order]': 'created_at_first:desc', 'page': 1, 'search[filter_enum_make][0]': 'fiat', 'search[filter_enum_model][0]': '500e', 'search[filter_float_first_registration_year:from]': 2021, 'search[filter_float_first_registration_year:to]': 2021, 'search[filter_enum_fuel_type][0]': 'electric', 'search[filter_enum_gearbox][0]': 'automatic'}
2026-04-03 21:28:10 [INFO] scraper: PARAMS USADOS NA REQUEST: {'search[order]': 'created_at_first:desc', 'page': 1, 'search[filter_enum_make][0]': 'fiat', 'search[filter_enum_model][0]': '500e', 'search[filter_float_first_registration_year:from]': 2021, 'search[filter_float_first_registration_year:to]': 2021, 'search[filter_enum_fuel_type][0]': 'electric', 'search[filter_enum_gearbox][0]': 'automatic'}
2026-04-03 21:28:10 [INFO] scraper: A iniciar scraping: https://www.standvirtual.com/carros
2026-04-03 21:28:10 [INFO] scraper: Filtros ativos: {'brand': 'Fiat', 'model': '500e', 'year_from': 2021, 'year_to': 2021, 'fuel': 'electric', 'gearbox': 'automatic'}
2026-04-03 21:28:11 [INFO] scraper: Total de páginas a scraper: 1
2026-04-03 21:28:11 [INFO] scraper: Página 1/1: 10 anúncios
2026-04-03 21:28:31 [INFO] sender: Batch enviado: 10 snapshots. Total: 10
2026-04-03 21:29:34 [INFO] debug: QUERY PARAMS FINAL: {'search[order]': 'created_at_first:desc', 'page': 1, 'search[filter_enum_make][0]': 'mercedes-benz', 'search[filter_enum_model][0]': 'c-200', 'search[filter_float_first_registration_year:from]': 2017, 'search[filter_float_first_registration_year:to]': 2017, 'search[filter_enum_fuel_type][0]': 'diesel', 'search[filter_enum_gearbox][0]': 'automatic'}
2026-04-03 21:29:34 [INFO] scraper: PARAMS USADOS NA REQUEST: {'search[order]': 'created_at_first:desc', 'page': 1, 'search[filter_enum_make][0]': 'mercedes-benz', 'search[filter_enum_model][0]': 'c-200', 'search[filter_float_first_registration_year:from]': 2017, 'search[filter_float_first_registration_year:to]': 2017, 'search[filter_enum_fuel_type][0]': 'diesel', 'search[filter_enum_gearbox][0]': 'automatic'}
2026-04-03 21:29:34 [INFO] scraper: A iniciar scraping: https://www.standvirtual.com/carros
2026-04-03 21:29:34 [INFO] scraper: Filtros ativos: {'brand': 'Mercedes-Benz', 'model': 'C 200', 'year_from': 2017, 'year_to': 2017, 'fuel': 'diesel', 'gearbox': 'automatic'}
2026-04-03 21:29:35 [INFO] scraper: Total de páginas a scraper: 1
2026-04-03 21:29:35 [INFO] scraper: Página 1/1: 7 anúncios
2026-04-03 21:29:49 [INFO] sender: Batch enviado: 7 snapshots. Total: 7
2026-04-03 21:29:49 [INFO] debug: QUERY PARAMS FINAL: {'search[order]': 'created_at_first:desc', 'page': 1, 'search[filter_enum_make][0]': 'mercedes-benz', 'search[filter_enum_model][0]': 'c-200', 'search[filter_float_first_registration_year:from]': 2017, 'search[filter_float_first_registration_year:to]': 2017, 'search[filter_enum_fuel_type][0]': 'diesel', 'search[filter_enum_gearbox][0]': 'automatic'}
2026-04-03 21:29:49 [INFO] scraper: PARAMS USADOS NA REQUEST: {'search[order]': 'created_at_first:desc', 'page': 1, 'search[filter_enum_make][0]': 'mercedes-benz', 'search[filter_enum_model][0]': 'c-200', 'search[filter_float_first_registration_year:from]': 2017, 'search[filter_float_first_registration_year:to]': 2017, 'search[filter_enum_fuel_type][0]': 'diesel', 'search[filter_enum_gearbox][0]': 'automatic'}
2026-04-03 21:29:49 [INFO] scraper: A iniciar scraping: https://www.standvirtual.com/carros
2026-04-03 21:29:49 [INFO] scraper: Filtros ativos: {'brand': 'Mercedes-Benz', 'model': 'C 200', 'year_from': 2017, 'year_to': 2017, 'fuel': 'diesel', 'gearbox': 'automatic'}
2026-04-03 21:29:50 [INFO] scraper: Total de páginas a scraper: 1
2026-04-03 21:29:50 [INFO] scraper: Página 1/1: 7 anúncios
2026-04-03 21:30:04 [INFO] sender: Batch enviado: 7 snapshots. Total: 7
2026-04-03 21:30:04 [INFO] debug: QUERY PARAMS FINAL: {'search[order]': 'created_at_first:desc', 'page': 1, 'search[filter_enum_make][0]': 'mercedes-benz', 'search[filter_enum_model][0]': 'c-200', 'search[filter_float_first_registration_year:from]': 2017, 'search[filter_float_first_registration_year:to]': 2017, 'search[filter_enum_fuel_type][0]': 'diesel', 'search[filter_enum_gearbox][0]': 'automatic'}
2026-04-03 21:30:04 [INFO] scraper: PARAMS USADOS NA REQUEST: {'search[order]': 'created_at_first:desc', 'page': 1, 'search[filter_enum_make][0]': 'mercedes-benz', 'search[filter_enum_model][0]': 'c-200', 'search[filter_float_first_registration_year:from]': 2017, 'search[filter_float_first_registration_year:to]': 2017, 'search[filter_enum_fuel_type][0]': 'diesel', 'search[filter_enum_gearbox][0]': 'automatic'}
2026-04-03 21:30:04 [INFO] scraper: A iniciar scraping: https://www.standvirtual.com/carros
2026-04-03 21:30:04 [INFO] scraper: Filtros ativos: {'brand': 'Mercedes-Benz', 'model': 'C 200', 'year_from': 2017, 'year_to': 2017, 'fuel': 'diesel', 'gearbox': 'automatic'}
2026-04-03 21:30:05 [INFO] scraper: Total de páginas a scraper: 1
2026-04-03 21:30:05 [INFO] scraper: Página 1/1: 7 anúncios
2026-04-03 21:30:18 [INFO] sender: Batch enviado: 7 snapshots. Total: 7
2026-04-03 21:31:19 [INFO] debug: QUERY PARAMS FINAL: {'search[order]': 'created_at_first:desc', 'page': 1, 'search[filter_enum_make][0]': 'mercedes-benz', 'search[filter_enum_model][0]': 'c-200', 'search[filter_float_first_registration_year:from]': 2017, 'search[filter_float_first_registration_year:to]': 2017, 'search[filter_enum_fuel_type][0]': 'diesel', 'search[filter_enum_gearbox][0]': 'automatic'}
2026-04-03 21:31:19 [INFO] scraper: PARAMS USADOS NA REQUEST: {'search[order]': 'created_at_first:desc', 'page': 1, 'search[filter_enum_make][0]': 'mercedes-benz', 'search[filter_enum_model][0]': 'c-200', 'search[filter_float_first_registration_year:from]': 2017, 'search[filter_float_first_registration_year:to]': 2017, 'search[filter_enum_fuel_type][0]': 'diesel', 'search[filter_enum_gearbox][0]': 'automatic'}
2026-04-03 21:31:19 [INFO] scraper: A iniciar scraping: https://www.standvirtual.com/carros
2026-04-03 21:31:19 [INFO] scraper: Filtros ativos: {'brand': 'Mercedes-Benz', 'model': 'C 200', 'year_from': 2017, 'year_to': 2017, 'fuel': 'diesel', 'gearbox': 'automatic'}
2026-04-03 21:31:20 [INFO] scraper: Total de páginas a scraper: 1
2026-04-03 21:31:20 [INFO] scraper: Página 1/1: 7 anúncios
2026-04-03 21:31:35 [INFO] sender: Batch enviado: 7 snapshots. Total: 7
2026-04-03 21:34:47 [INFO] debug: QUERY PARAMS FINAL: {'search[order]': 'created_at_first:desc', 'page': 1, 'search[filter_enum_make][0]': 'mercedes-benz', 'search[filter_enum_model][0]': 'c-200', 'search[filter_float_first_registration_year:from]': 2017, 'search[filter_float_first_registration_year:to]': 2017, 'search[filter_enum_fuel_type][0]': 'diesel', 'search[filter_enum_gearbox][0]': 'automatic'}
2026-04-03 21:34:47 [INFO] scraper: PARAMS USADOS NA REQUEST: {'search[order]': 'created_at_first:desc', 'page': 1, 'search[filter_enum_make][0]': 'mercedes-benz', 'search[filter_enum_model][0]': 'c-200', 'search[filter_float_first_registration_year:from]': 2017, 'search[filter_float_first_registration_year:to]': 2017, 'search[filter_enum_fuel_type][0]': 'diesel', 'search[filter_enum_gearbox][0]': 'automatic'}
2026-04-03 21:34:47 [INFO] scraper: A iniciar scraping: https://www.standvirtual.com/carros
2026-04-03 21:34:47 [INFO] scraper: Filtros ativos: {'brand': 'Mercedes-Benz', 'model': 'C 200', 'year_from': 2017, 'year_to': 2017, 'fuel': 'diesel', 'gearbox': 'automatic'}
2026-04-03 21:34:48 [INFO] scraper: Total de páginas a scraper: 1
2026-04-03 21:34:48 [INFO] scraper: Página 1/1: 7 anúncios
2026-04-03 21:35:02 [INFO] sender: Batch enviado: 7 snapshots. Total: 7
2026-04-03 21:37:33 [INFO] debug: QUERY PARAMS FINAL: {'search[order]': 'created_at_first:desc', 'page': 1, 'search[filter_enum_make][0]': 'mercedes-benz', 'search[filter_enum_model][0]': 'c-200', 'search[filter_float_first_registration_year:from]': 2017, 'search[filter_float_first_registration_year:to]': 2017, 'search[filter_enum_fuel_type][0]': 'diesel', 'search[filter_enum_gearbox][0]': 'automatic'}
2026-04-03 21:37:33 [INFO] scraper: PARAMS USADOS NA REQUEST: {'search[order]': 'created_at_first:desc', 'page': 1, 'search[filter_enum_make][0]': 'mercedes-benz', 'search[filter_enum_model][0]': 'c-200', 'search[filter_float_first_registration_year:from]': 2017, 'search[filter_float_first_registration_year:to]': 2017, 'search[filter_enum_fuel_type][0]': 'diesel', 'search[filter_enum_gearbox][0]': 'automatic'}
2026-04-03 21:37:33 [INFO] scraper: A iniciar scraping: https://www.standvirtual.com/carros
2026-04-03 21:37:33 [INFO] scraper: Filtros ativos: {'brand': 'Mercedes-Benz', 'model': 'C 200', 'year_from': 2017, 'year_to': 2017, 'fuel': 'diesel', 'gearbox': 'automatic'}
2026-04-03 21:37:34 [INFO] scraper: Total de páginas a scraper: 1
2026-04-03 21:37:34 [INFO] scraper: Página 1/1: 7 anúncios
2026-04-03 21:37:48 [INFO] sender: Batch enviado: 7 snapshots. Total: 7
2026-04-04 10:25:48 [INFO] debug: QUERY PARAMS FINAL: {'search[order]': 'created_at_first:desc', 'page': 1, 'search[filter_enum_make][0]': 'mercedes-benz', 'search[filter_enum_model][0]': 'c-200', 'search[filter_float_first_registration_year:from]': 2017, 'search[filter_float_first_registration_year:to]': 2017, 'search[filter_enum_fuel_type][0]': 'diesel', 'search[filter_enum_gearbox][0]': 'automatic'}
2026-04-04 10:25:48 [INFO] scraper: PARAMS USADOS NA REQUEST: {'search[order]': 'created_at_first:desc', 'page': 1, 'search[filter_enum_make][0]': 'mercedes-benz', 'search[filter_enum_model][0]': 'c-200', 'search[filter_float_first_registration_year:from]': 2017, 'search[filter_float_first_registration_year:to]': 2017, 'search[filter_enum_fuel_type][0]': 'diesel', 'search[filter_enum_gearbox][0]': 'automatic'}
2026-04-04 10:25:48 [INFO] scraper: A iniciar scraping: https://www.standvirtual.com/carros
2026-04-04 10:25:48 [INFO] scraper: Filtros ativos: {'brand': 'Mercedes-Benz', 'model': 'C 200', 'year_from': 2017, 'year_to': 2017, 'fuel': 'diesel', 'gearbox': 'automatic'}
2026-04-04 10:25:49 [INFO] scraper: Total de páginas a scraper: 1
2026-04-04 10:25:49 [INFO] scraper: Página 1/1: 7 anúncios
2026-04-04 10:26:03 [INFO] sender: Batch enviado: 7 snapshots. Total: 7
2026-05-22 20:33:20 [INFO] main: vehicle_type=motorhome search_path=/autocaravanas max_results=15
2026-05-22 20:33:20 [INFO] debug: QUERY PARAMS FINAL: {'search[order]': 'created_at_first:desc', 'page': 1, 'search[filter_enum_make][0]': 'fiat'}
2026-05-22 20:33:20 [INFO] scraper: PARAMS USADOS NA REQUEST: {'search[order]': 'created_at_first:desc', 'page': 1, 'search[filter_enum_make][0]': 'fiat'}
2026-05-22 20:33:20 [INFO] scraper: A iniciar scraping: https://www.standvirtual.com/autocaravanas
2026-05-22 20:33:20 [INFO] scraper: Filtros ativos: {'brand': 'Fiat'}
2026-05-22 20:33:21 [INFO] scraper: Total de páginas a scraper: 2
2026-05-22 20:33:22 [INFO] scraper: Página 1/2: 32 anúncios
2026-05-22 21:05:00 [INFO] main: vehicle_type=motorhome search_path=/autocaravanas max_results=10
2026-05-22 21:05:00 [INFO] debug: QUERY PARAMS FINAL: {'search[order]': 'created_at_first:desc', 'page': 1, 'search[filter_enum_make][0]': 'mclouis', 'search[filter_enum_model][0]': 'menfys-van', 'search[filter_float_first_registration_year:from]': 2018, 'search[filter_float_first_registration_year:to]': 2020, 'search[filter_enum_fuel_type][0]': 'gasoline'}
2026-05-22 21:05:00 [INFO] scraper: PARAMS USADOS NA REQUEST: {'search[order]': 'created_at_first:desc', 'page': 1, 'search[filter_enum_make][0]': 'mclouis', 'search[filter_enum_model][0]': 'menfys-van', 'search[filter_float_first_registration_year:from]': 2018, 'search[filter_float_first_registration_year:to]': 2020, 'search[filter_enum_fuel_type][0]': 'gasoline'}
2026-05-22 21:05:00 [INFO] scraper: A iniciar scraping: https://www.standvirtual.com/autocaravanas
2026-05-22 21:05:00 [INFO] scraper: Filtros ativos: {'brand': 'McLouis', 'model': 'Menfys Van', 'year_from': 2018, 'year_to': 2020, 'fuel': 'gasoline'}
2026-05-22 21:05:01 [INFO] scraper: Total de páginas a scraper: 1
2026-05-22 21:05:01 [WARNING] scraper: Nenhum edge/anúncio encontrado no advertSearch.
2026-05-22 21:05:01 [INFO] scraper: Página 1/1: 0 anúncios
2026-05-22 21:05:52 [INFO] main: vehicle_type=car search_path=/carros max_results=10
2026-05-22 21:05:52 [INFO] debug: QUERY PARAMS FINAL: {'search[order]': 'created_at_first:desc', 'page': 1, 'search[filter_enum_make][0]': 'mercedes-benz', 'search[filter_enum_model][0]': 'c-200', 'search[filter_float_first_registration_year:from]': 2016, 'search[filter_float_first_registration_year:to]': 2018, 'search[filter_enum_fuel_type][0]': 'diesel'}
2026-05-22 21:05:52 [INFO] scraper: PARAMS USADOS NA REQUEST: {'search[order]': 'created_at_first:desc', 'page': 1, 'search[filter_enum_make][0]': 'mercedes-benz', 'search[filter_enum_model][0]': 'c-200', 'search[filter_float_first_registration_year:from]': 2016, 'search[filter_float_first_registration_year:to]': 2018, 'search[filter_enum_fuel_type][0]': 'diesel'}
2026-05-22 21:05:52 [INFO] scraper: A iniciar scraping: https://www.standvirtual.com/carros
2026-05-22 21:05:52 [INFO] scraper: Filtros ativos: {'brand': 'Mercedes-Benz', 'model': 'C 200', 'year_from': 2016, 'year_to': 2018, 'fuel': 'diesel'}
2026-05-22 21:05:54 [INFO] scraper: Total de páginas a scraper: 2
2026-05-22 21:05:54 [INFO] scraper: Página 1/2: 32 anúncios
2026-05-22 21:06:14 [INFO] main: Limite de resultados atingido (10). A parar.
2026-05-22 21:06:14 [INFO] sender: Batch enviado: 10 snapshots. Total: 10
2026-05-22 22:23:02 [INFO] main: vehicle_type=car search_path=/carros max_results=10
2026-05-22 22:23:02 [INFO] debug: QUERY PARAMS FINAL: {'search[order]': 'created_at_first:desc', 'page': 1, 'search[filter_enum_make][0]': 'mercedes-benz', 'search[filter_enum_model][0]': 'c-200', 'search[filter_float_first_registration_year:from]': 2016, 'search[filter_float_first_registration_year:to]': 2018, 'search[filter_enum_fuel_type][0]': 'diesel'}
2026-05-22 22:23:02 [INFO] scraper: PARAMS USADOS NA REQUEST: {'search[order]': 'created_at_first:desc', 'page': 1, 'search[filter_enum_make][0]': 'mercedes-benz', 'search[filter_enum_model][0]': 'c-200', 'search[filter_float_first_registration_year:from]': 2016, 'search[filter_float_first_registration_year:to]': 2018, 'search[filter_enum_fuel_type][0]': 'diesel'}
2026-05-22 22:23:02 [INFO] scraper: A iniciar scraping: https://www.standvirtual.com/carros
2026-05-22 22:23:02 [INFO] scraper: Filtros ativos: {'brand': 'Mercedes-Benz', 'model': 'C 200', 'year_from': 2016, 'year_to': 2018, 'fuel': 'diesel'}
2026-05-22 22:23:03 [INFO] scraper: Total de páginas a scraper: 2
2026-05-22 22:23:03 [INFO] scraper: Página 1/2: 32 anúncios
2026-05-22 22:23:27 [INFO] main: Limite de resultados atingido (10). A parar.
2026-05-22 22:23:27 [INFO] sender: Batch enviado: 10 snapshots. Total: 10
2026-05-23 12:57:47 [INFO] main: vehicle_type=car search_path=/carros max_results=10
2026-05-23 12:57:47 [INFO] debug: QUERY PARAMS FINAL: {'search[order]': 'created_at_first:desc', 'page': 1, 'search[filter_enum_make][0]': 'mercedes-benz', 'search[filter_enum_model][0]': 'c-200', 'search[filter_float_first_registration_year:from]': 2016, 'search[filter_float_first_registration_year:to]': 2018, 'search[filter_enum_fuel_type][0]': 'diesel'}
2026-05-23 12:57:47 [INFO] scraper: PARAMS USADOS NA REQUEST: {'search[order]': 'created_at_first:desc', 'page': 1, 'search[filter_enum_make][0]': 'mercedes-benz', 'search[filter_enum_model][0]': 'c-200', 'search[filter_float_first_registration_year:from]': 2016, 'search[filter_float_first_registration_year:to]': 2018, 'search[filter_enum_fuel_type][0]': 'diesel'}
2026-05-23 12:57:47 [INFO] scraper: A iniciar scraping: https://www.standvirtual.com/carros
2026-05-23 12:57:47 [INFO] scraper: Filtros ativos: {'brand': 'Mercedes-Benz', 'model': 'C 200', 'year_from': 2016, 'year_to': 2018, 'fuel': 'diesel'}
2026-05-23 12:57:48 [INFO] scraper: Total de páginas a scraper: 2
2026-05-23 12:57:49 [INFO] scraper: Página 1/2: 32 anúncios
2026-05-23 12:58:08 [INFO] main: Limite de resultados atingido (10). A parar.
2026-05-23 12:58:08 [INFO] sender: Batch enviado: 10 snapshots. Total: 10
2026-05-23 13:45:39 [INFO] main: vehicle_type=car search_path=/carros max_results=10
2026-05-23 13:45:39 [INFO] debug: QUERY PARAMS FINAL: {'search[order]': 'created_at_first:desc', 'page': 1, 'search[filter_enum_make][0]': 'mercedes-benz', 'search[filter_enum_model][0]': 'c-200', 'search[filter_float_first_registration_year:from]': 2016, 'search[filter_float_first_registration_year:to]': 2018, 'search[filter_enum_fuel_type][0]': 'diesel'}
2026-05-23 13:45:39 [INFO] scraper: PARAMS USADOS NA REQUEST: {'search[order]': 'created_at_first:desc', 'page': 1, 'search[filter_enum_make][0]': 'mercedes-benz', 'search[filter_enum_model][0]': 'c-200', 'search[filter_float_first_registration_year:from]': 2016, 'search[filter_float_first_registration_year:to]': 2018, 'search[filter_enum_fuel_type][0]': 'diesel'}
2026-05-23 13:45:39 [INFO] scraper: A iniciar scraping: https://www.standvirtual.com/carros
2026-05-23 13:45:39 [INFO] scraper: Filtros ativos: {'brand': 'Mercedes-Benz', 'model': 'C 200', 'year_from': 2016, 'year_to': 2018, 'fuel': 'diesel'}
2026-05-23 13:45:40 [INFO] scraper: Total de páginas a scraper: 2
2026-05-23 13:45:40 [INFO] scraper: Página 1/2: 32 anúncios
2026-05-23 13:46:01 [INFO] main: Limite de resultados atingido (10). A parar.
2026-05-23 13:46:01 [INFO] sender: Batch enviado: 10 snapshots. Total: 10
2026-05-23 14:00:50 [INFO] main: vehicle_type=car search_path=/carros max_results=10
2026-05-23 14:00:50 [INFO] debug: QUERY PARAMS FINAL: {'search[order]': 'created_at_first:desc', 'page': 1, 'search[filter_enum_make][0]': 'mercedes-benz', 'search[filter_enum_model][0]': 'c-200', 'search[filter_float_first_registration_year:from]': 2016, 'search[filter_float_first_registration_year:to]': 2018, 'search[filter_enum_fuel_type][0]': 'diesel'}
2026-05-23 14:00:50 [INFO] scraper: PARAMS USADOS NA REQUEST: {'search[order]': 'created_at_first:desc', 'page': 1, 'search[filter_enum_make][0]': 'mercedes-benz', 'search[filter_enum_model][0]': 'c-200', 'search[filter_float_first_registration_year:from]': 2016, 'search[filter_float_first_registration_year:to]': 2018, 'search[filter_enum_fuel_type][0]': 'diesel'}
2026-05-23 14:00:50 [INFO] scraper: A iniciar scraping: https://www.standvirtual.com/carros
2026-05-23 14:00:50 [INFO] scraper: Filtros ativos: {'brand': 'Mercedes-Benz', 'model': 'C 200', 'year_from': 2016, 'year_to': 2018, 'fuel': 'diesel'}
2026-05-23 14:00:52 [INFO] scraper: Total de páginas a scraper: 2
2026-05-23 14:00:52 [INFO] scraper: Página 1/2: 31 anúncios
2026-05-23 14:01:19 [INFO] main: Limite de resultados atingido (10). A parar.
2026-05-23 14:01:19 [INFO] sender: Batch enviado: 10 snapshots. Total: 10
2026-05-24 03:35:39 [INFO] main: vehicle_type=car search_path=/carros max_results=10
2026-05-24 03:35:39 [INFO] debug: QUERY PARAMS FINAL: {'search[order]': 'created_at_first:desc', 'page': 1, 'search[filter_enum_make][0]': 'lexus', 'search[filter_enum_model][0]': 'rc-200t', 'search[filter_float_first_registration_year:from]': 2015, 'search[filter_float_first_registration_year:to]': 2017, 'search[filter_enum_fuel_type][0]': 'gasoline'}
2026-05-24 03:35:39 [INFO] scraper: PARAMS USADOS NA REQUEST: {'search[order]': 'created_at_first:desc', 'page': 1, 'search[filter_enum_make][0]': 'lexus', 'search[filter_enum_model][0]': 'rc-200t', 'search[filter_float_first_registration_year:from]': 2015, 'search[filter_float_first_registration_year:to]': 2017, 'search[filter_enum_fuel_type][0]': 'gasoline'}
2026-05-24 03:35:39 [INFO] scraper: A iniciar scraping: https://www.standvirtual.com/carros
2026-05-24 03:35:39 [INFO] scraper: Filtros ativos: {'brand': 'Lexus', 'model': 'RC 200t', 'year_from': 2015, 'year_to': 2017, 'fuel': 'gasoline'}
2026-05-24 03:35:40 [INFO] scraper: Total de páginas a scraper: 1
2026-05-24 03:35:40 [WARNING] scraper: Nenhum edge/anúncio encontrado no advertSearch.
2026-05-24 03:35:40 [INFO] scraper: Página 1/1: 0 anúncios
2026-05-24 03:35:40 [INFO] main: vehicle_type=car search_path=/carros max_results=10
2026-05-24 03:35:40 [INFO] debug: QUERY PARAMS FINAL: {'search[order]': 'created_at_first:desc', 'page': 1, 'search[filter_enum_make][0]': 'nissan', 'search[filter_enum_model][0]': 'juke', 'search[filter_float_first_registration_year:from]': 2018, 'search[filter_float_first_registration_year:to]': 2020, 'search[filter_enum_fuel_type][0]': 'diesel'}
2026-05-24 03:35:40 [INFO] scraper: PARAMS USADOS NA REQUEST: {'search[order]': 'created_at_first:desc', 'page': 1, 'search[filter_enum_make][0]': 'nissan', 'search[filter_enum_model][0]': 'juke', 'search[filter_float_first_registration_year:from]': 2018, 'search[filter_float_first_registration_year:to]': 2020, 'search[filter_enum_fuel_type][0]': 'diesel'}
2026-05-24 03:35:40 [INFO] scraper: A iniciar scraping: https://www.standvirtual.com/carros
2026-05-24 03:35:40 [INFO] scraper: Filtros ativos: {'brand': 'Nissan', 'model': 'Juke', 'year_from': 2018, 'year_to': 2020, 'fuel': 'diesel'}
2026-05-24 03:35:41 [INFO] scraper: Total de páginas a scraper: 1
2026-05-24 03:35:41 [INFO] scraper: Página 1/1: 8 anúncios
2026-05-24 03:35:57 [INFO] sender: Batch enviado: 8 snapshots. Total: 8
2026-05-24 03:35:57 [INFO] main: vehicle_type=car search_path=/carros max_results=10
2026-05-24 03:35:57 [INFO] debug: QUERY PARAMS FINAL: {'search[order]': 'created_at_first:desc', 'page': 1, 'search[filter_enum_make][0]': 'peugeot', 'search[filter_enum_model][0]': '2008', 'search[filter_float_first_registration_year:from]': 2018, 'search[filter_float_first_registration_year:to]': 2020, 'search[filter_enum_fuel_type][0]': 'diesel'}
2026-05-24 03:35:57 [INFO] scraper: PARAMS USADOS NA REQUEST: {'search[order]': 'created_at_first:desc', 'page': 1, 'search[filter_enum_make][0]': 'peugeot', 'search[filter_enum_model][0]': '2008', 'search[filter_float_first_registration_year:from]': 2018, 'search[filter_float_first_registration_year:to]': 2020, 'search[filter_enum_fuel_type][0]': 'diesel'}
2026-05-24 03:35:57 [INFO] scraper: A iniciar scraping: https://www.standvirtual.com/carros
2026-05-24 03:35:57 [INFO] scraper: Filtros ativos: {'brand': 'Peugeot', 'model': '2008', 'year_from': 2018, 'year_to': 2020, 'fuel': 'diesel'}
2026-05-24 03:35:59 [INFO] scraper: Total de páginas a scraper: 2
2026-05-24 03:35:59 [INFO] scraper: Página 1/2: 32 anúncios
2026-05-24 03:36:19 [INFO] main: Limite de resultados atingido (10). A parar.
2026-05-24 03:36:19 [INFO] sender: Batch enviado: 10 snapshots. Total: 10
2026-05-24 03:36:19 [INFO] main: vehicle_type=car search_path=/carros max_results=10
2026-05-24 03:36:19 [INFO] debug: QUERY PARAMS FINAL: {'search[order]': 'created_at_first:desc', 'page': 1, 'search[filter_enum_make][0]': 'ds', 'search[filter_enum_model][0]': 'ds7-crossback', 'search[filter_float_first_registration_year:from]': 2021, 'search[filter_float_first_registration_year:to]': 2023, 'search[filter_enum_fuel_type][0]': 'diesel'}
2026-05-24 03:36:19 [INFO] scraper: PARAMS USADOS NA REQUEST: {'search[order]': 'created_at_first:desc', 'page': 1, 'search[filter_enum_make][0]': 'ds', 'search[filter_enum_model][0]': 'ds7-crossback', 'search[filter_float_first_registration_year:from]': 2021, 'search[filter_float_first_registration_year:to]': 2023, 'search[filter_enum_fuel_type][0]': 'diesel'}
2026-05-24 03:36:19 [INFO] scraper: A iniciar scraping: https://www.standvirtual.com/carros
2026-05-24 03:36:19 [INFO] scraper: Filtros ativos: {'brand': 'DS', 'model': 'DS7 Crossback', 'year_from': 2021, 'year_to': 2023, 'fuel': 'diesel'}
2026-05-24 03:36:20 [INFO] scraper: Total de páginas a scraper: 1
2026-05-24 03:36:20 [INFO] scraper: Página 1/1: 11 anúncios
2026-05-24 03:36:43 [INFO] main: Limite de resultados atingido (10). A parar.
2026-05-24 03:36:43 [INFO] sender: Batch enviado: 10 snapshots. Total: 10
2026-05-24 03:36:43 [INFO] main: vehicle_type=car search_path=/carros max_results=10
2026-05-24 03:36:43 [INFO] debug: QUERY PARAMS FINAL: {'search[order]': 'created_at_first:desc', 'page': 1, 'search[filter_enum_make][0]': 'ford', 'search[filter_enum_model][0]': 'puma', 'search[filter_float_first_registration_year:from]': 2020, 'search[filter_float_first_registration_year:to]': 2022, 'search[filter_enum_fuel_type][0]': 'gasoline'}
2026-05-24 03:36:43 [INFO] scraper: PARAMS USADOS NA REQUEST: {'search[order]': 'created_at_first:desc', 'page': 1, 'search[filter_enum_make][0]': 'ford', 'search[filter_enum_model][0]': 'puma', 'search[filter_float_first_registration_year:from]': 2020, 'search[filter_float_first_registration_year:to]': 2022, 'search[filter_enum_fuel_type][0]': 'gasoline'}
2026-05-24 03:36:43 [INFO] scraper: A iniciar scraping: https://www.standvirtual.com/carros
2026-05-24 03:36:43 [INFO] scraper: Filtros ativos: {'brand': 'Ford', 'model': 'Puma', 'year_from': 2020, 'year_to': 2022, 'fuel': 'gasoline'}
2026-05-24 03:36:44 [INFO] scraper: Total de páginas a scraper: 1
2026-05-24 03:36:44 [WARNING] scraper: Nenhum edge/anúncio encontrado no advertSearch.
2026-05-24 03:36:44 [INFO] scraper: Página 1/1: 0 anúncios
2026-05-24 03:36:44 [INFO] main: vehicle_type=car search_path=/carros max_results=10
2026-05-24 03:36:44 [INFO] debug: QUERY PARAMS FINAL: {'search[order]': 'created_at_first:desc', 'page': 1, 'search[filter_enum_make][0]': 'opel', 'search[filter_enum_model][0]': 'corsa', 'search[filter_float_first_registration_year:from]': 2020, 'search[filter_float_first_registration_year:to]': 2022, 'search[filter_enum_fuel_type][0]': 'diesel'}
2026-05-24 03:36:44 [INFO] scraper: PARAMS USADOS NA REQUEST: {'search[order]': 'created_at_first:desc', 'page': 1, 'search[filter_enum_make][0]': 'opel', 'search[filter_enum_model][0]': 'corsa', 'search[filter_float_first_registration_year:from]': 2020, 'search[filter_float_first_registration_year:to]': 2022, 'search[filter_enum_fuel_type][0]': 'diesel'}
2026-05-24 03:36:44 [INFO] scraper: A iniciar scraping: https://www.standvirtual.com/carros
2026-05-24 03:36:44 [INFO] scraper: Filtros ativos: {'brand': 'Opel', 'model': 'Corsa', 'year_from': 2020, 'year_to': 2022, 'fuel': 'diesel'}
2026-05-24 03:36:46 [INFO] scraper: Total de páginas a scraper: 2
2026-05-24 03:36:46 [INFO] scraper: Página 1/2: 32 anúncios
2026-05-24 03:37:07 [INFO] main: Limite de resultados atingido (10). A parar.
2026-05-24 03:37:07 [INFO] sender: Batch enviado: 10 snapshots. Total: 10
2026-05-24 03:37:07 [INFO] main: vehicle_type=car search_path=/carros max_results=10
2026-05-24 03:37:07 [INFO] debug: QUERY PARAMS FINAL: {'search[order]': 'created_at_first:desc', 'page': 1, 'search[filter_enum_make][0]': 'peugeot', 'search[filter_enum_model][0]': '308', 'search[filter_float_first_registration_year:from]': 2018, 'search[filter_float_first_registration_year:to]': 2020, 'search[filter_enum_fuel_type][0]': 'diesel'}
2026-05-24 03:37:07 [INFO] scraper: PARAMS USADOS NA REQUEST: {'search[order]': 'created_at_first:desc', 'page': 1, 'search[filter_enum_make][0]': 'peugeot', 'search[filter_enum_model][0]': '308', 'search[filter_float_first_registration_year:from]': 2018, 'search[filter_float_first_registration_year:to]': 2020, 'search[filter_enum_fuel_type][0]': 'diesel'}
2026-05-24 03:37:07 [INFO] scraper: A iniciar scraping: https://www.standvirtual.com/carros
2026-05-24 03:37:07 [INFO] scraper: Filtros ativos: {'brand': 'Peugeot', 'model': '308', 'year_from': 2018, 'year_to': 2020, 'fuel': 'diesel'}
2026-05-24 03:37:09 [INFO] scraper: Total de páginas a scraper: 3
2026-05-24 03:37:09 [INFO] scraper: Página 1/3: 32 anúncios
2026-05-24 03:37:30 [INFO] main: Limite de resultados atingido (10). A parar.
2026-05-24 03:37:30 [INFO] sender: Batch enviado: 10 snapshots. Total: 10
2026-05-24 03:37:31 [INFO] main: vehicle_type=car search_path=/carros max_results=10
2026-05-24 03:37:31 [INFO] debug: QUERY PARAMS FINAL: {'search[order]': 'created_at_first:desc', 'page': 1, 'search[filter_enum_make][0]': 'mercedes-benz', 'search[filter_enum_model][0]': 'a-180', 'search[filter_float_first_registration_year:from]': 2017, 'search[filter_float_first_registration_year:to]': 2019, 'search[filter_enum_fuel_type][0]': 'diesel'}
2026-05-24 03:37:31 [INFO] scraper: PARAMS USADOS NA REQUEST: {'search[order]': 'created_at_first:desc', 'page': 1, 'search[filter_enum_make][0]': 'mercedes-benz', 'search[filter_enum_model][0]': 'a-180', 'search[filter_float_first_registration_year:from]': 2017, 'search[filter_float_first_registration_year:to]': 2019, 'search[filter_enum_fuel_type][0]': 'diesel'}
2026-05-24 03:37:31 [INFO] scraper: A iniciar scraping: https://www.standvirtual.com/carros
2026-05-24 03:37:31 [INFO] scraper: Filtros ativos: {'brand': 'Mercedes-Benz', 'model': 'A 180', 'year_from': 2017, 'year_to': 2019, 'fuel': 'diesel'}
2026-05-24 03:37:32 [INFO] scraper: Total de páginas a scraper: 5
2026-05-24 03:37:32 [INFO] scraper: Página 1/5: 32 anúncios
2026-05-24 03:37:53 [INFO] main: Limite de resultados atingido (10). A parar.
2026-05-24 03:37:53 [INFO] sender: Batch enviado: 10 snapshots. Total: 10
2026-05-24 03:37:53 [INFO] main: vehicle_type=car search_path=/carros max_results=10
2026-05-24 03:37:53 [INFO] debug: QUERY PARAMS FINAL: {'search[order]': 'created_at_first:desc', 'page': 1, 'search[filter_enum_make][0]': 'citroen', 'search[filter_enum_model][0]': 'c3', 'search[filter_float_first_registration_year:from]': 2022, 'search[filter_float_first_registration_year:to]': 2024, 'search[filter_enum_fuel_type][0]': 'gasoline'}
2026-05-24 03:37:53 [INFO] scraper: PARAMS USADOS NA REQUEST: {'search[order]': 'created_at_first:desc', 'page': 1, 'search[filter_enum_make][0]': 'citroen', 'search[filter_enum_model][0]': 'c3', 'search[filter_float_first_registration_year:from]': 2022, 'search[filter_float_first_registration_year:to]': 2024, 'search[filter_enum_fuel_type][0]': 'gasoline'}
2026-05-24 03:37:53 [INFO] scraper: A iniciar scraping: https://www.standvirtual.com/carros
2026-05-24 03:37:53 [INFO] scraper: Filtros ativos: {'brand': 'Citroën', 'model': 'C3', 'year_from': 2022, 'year_to': 2024, 'fuel': 'gasoline'}
2026-05-24 03:37:54 [INFO] scraper: Total de páginas a scraper: 1
2026-05-24 03:37:54 [WARNING] scraper: Nenhum edge/anúncio encontrado no advertSearch.
2026-05-24 03:37:54 [INFO] scraper: Página 1/1: 0 anúncios
2026-05-24 03:37:54 [INFO] main: vehicle_type=car search_path=/carros max_results=10
2026-05-24 03:37:54 [INFO] debug: QUERY PARAMS FINAL: {'search[order]': 'created_at_first:desc', 'page': 1, 'search[filter_enum_make][0]': 'renault', 'search[filter_enum_model][0]': 'captur', 'search[filter_float_first_registration_year:from]': 2020, 'search[filter_float_first_registration_year:to]': 2022, 'search[filter_enum_fuel_type][0]': 'diesel'}
2026-05-24 03:37:54 [INFO] scraper: PARAMS USADOS NA REQUEST: {'search[order]': 'created_at_first:desc', 'page': 1, 'search[filter_enum_make][0]': 'renault', 'search[filter_enum_model][0]': 'captur', 'search[filter_float_first_registration_year:from]': 2020, 'search[filter_float_first_registration_year:to]': 2022, 'search[filter_enum_fuel_type][0]': 'diesel'}
2026-05-24 03:37:54 [INFO] scraper: A iniciar scraping: https://www.standvirtual.com/carros
2026-05-24 03:37:54 [INFO] scraper: Filtros ativos: {'brand': 'Renault', 'model': 'Captur', 'year_from': 2020, 'year_to': 2022, 'fuel': 'diesel'}
2026-05-24 03:37:55 [INFO] scraper: Total de páginas a scraper: 1
2026-05-24 03:37:55 [INFO] scraper: Página 1/1: 15 anúncios
2026-05-24 03:38:16 [INFO] main: Limite de resultados atingido (10). A parar.
2026-05-24 03:38:16 [INFO] sender: Batch enviado: 10 snapshots. Total: 10
2026-05-24 03:38:17 [INFO] main: vehicle_type=car search_path=/carros max_results=10
2026-05-24 03:38:17 [INFO] debug: QUERY PARAMS FINAL: {'search[order]': 'created_at_first:desc', 'page': 1, 'search[filter_enum_make][0]': 'jaguar', 'search[filter_enum_model][0]': 'f-pace', 'search[filter_float_first_registration_year:from]': 2017, 'search[filter_float_first_registration_year:to]': 2019, 'search[filter_enum_fuel_type][0]': 'diesel'}
2026-05-24 03:38:17 [INFO] scraper: PARAMS USADOS NA REQUEST: {'search[order]': 'created_at_first:desc', 'page': 1, 'search[filter_enum_make][0]': 'jaguar', 'search[filter_enum_model][0]': 'f-pace', 'search[filter_float_first_registration_year:from]': 2017, 'search[filter_float_first_registration_year:to]': 2019, 'search[filter_enum_fuel_type][0]': 'diesel'}
2026-05-24 03:38:17 [INFO] scraper: A iniciar scraping: https://www.standvirtual.com/carros
2026-05-24 03:38:17 [INFO] scraper: Filtros ativos: {'brand': 'Jaguar', 'model': 'F-Pace', 'year_from': 2017, 'year_to': 2019, 'fuel': 'diesel'}
2026-05-24 03:38:18 [INFO] scraper: Total de páginas a scraper: 2
2026-05-24 03:38:18 [INFO] scraper: Página 1/2: 31 anúncios
2026-05-24 03:38:39 [INFO] main: Limite de resultados atingido (10). A parar.
2026-05-24 03:38:40 [INFO] sender: Batch enviado: 10 snapshots. Total: 10
2026-05-24 03:38:40 [INFO] main: vehicle_type=car search_path=/carros max_results=10
2026-05-24 03:38:40 [INFO] debug: QUERY PARAMS FINAL: {'search[order]': 'created_at_first:desc', 'page': 1, 'search[filter_enum_make][0]': 'mercedes-benz', 'search[filter_enum_model][0]': 'cla-220', 'search[filter_float_first_registration_year:from]': 2018, 'search[filter_float_first_registration_year:to]': 2020, 'search[filter_enum_fuel_type][0]': 'diesel'}
2026-05-24 03:38:40 [INFO] scraper: PARAMS USADOS NA REQUEST: {'search[order]': 'created_at_first:desc', 'page': 1, 'search[filter_enum_make][0]': 'mercedes-benz', 'search[filter_enum_model][0]': 'cla-220', 'search[filter_float_first_registration_year:from]': 2018, 'search[filter_float_first_registration_year:to]': 2020, 'search[filter_enum_fuel_type][0]': 'diesel'}
2026-05-24 03:38:40 [INFO] scraper: A iniciar scraping: https://www.standvirtual.com/carros
2026-05-24 03:38:40 [INFO] scraper: Filtros ativos: {'brand': 'Mercedes-Benz', 'model': 'CLA 220', 'year_from': 2018, 'year_to': 2020, 'fuel': 'diesel'}
2026-05-24 03:38:41 [INFO] scraper: Total de páginas a scraper: 1
2026-05-24 03:38:41 [INFO] scraper: Página 1/1: 13 anúncios
2026-05-24 03:39:04 [INFO] main: Limite de resultados atingido (10). A parar.
2026-05-24 03:39:04 [INFO] sender: Batch enviado: 10 snapshots. Total: 10
2026-05-24 03:39:04 [INFO] main: vehicle_type=car search_path=/carros max_results=10
2026-05-24 03:39:04 [INFO] debug: QUERY PARAMS FINAL: {'search[order]': 'created_at_first:desc', 'page': 1, 'search[filter_enum_make][0]': 'citroen', 'search[filter_enum_model][0]': 'berlingo', 'search[filter_float_first_registration_year:from]': 2020, 'search[filter_float_first_registration_year:to]': 2022, 'search[filter_enum_fuel_type][0]': 'diesel'}
2026-05-24 03:39:04 [INFO] scraper: PARAMS USADOS NA REQUEST: {'search[order]': 'created_at_first:desc', 'page': 1, 'search[filter_enum_make][0]': 'citroen', 'search[filter_enum_model][0]': 'berlingo', 'search[filter_float_first_registration_year:from]': 2020, 'search[filter_float_first_registration_year:to]': 2022, 'search[filter_enum_fuel_type][0]': 'diesel'}
2026-05-24 03:39:04 [INFO] scraper: A iniciar scraping: https://www.standvirtual.com/carros
2026-05-24 03:39:04 [INFO] scraper: Filtros ativos: {'brand': 'Citroën', 'model': 'Berlingo', 'year_from': 2020, 'year_to': 2022, 'fuel': 'diesel'}
2026-05-24 03:39:05 [INFO] scraper: Total de páginas a scraper: 1
2026-05-24 03:39:05 [INFO] scraper: Página 1/1: 4 anúncios
2026-05-24 03:39:14 [INFO] sender: Batch enviado: 4 snapshots. Total: 4
2026-05-24 03:39:14 [INFO] main: vehicle_type=car search_path=/carros max_results=10
2026-05-24 03:39:14 [INFO] debug: QUERY PARAMS FINAL: {'search[order]': 'created_at_first:desc', 'page': 1, 'search[filter_enum_make][0]': 'bmw', 'search[filter_enum_model][0]': 'x2', 'search[filter_float_first_registration_year:from]': 2019, 'search[filter_float_first_registration_year:to]': 2021, 'search[filter_enum_fuel_type][0]': 'diesel'}
2026-05-24 03:39:14 [INFO] scraper: PARAMS USADOS NA REQUEST: {'search[order]': 'created_at_first:desc', 'page': 1, 'search[filter_enum_make][0]': 'bmw', 'search[filter_enum_model][0]': 'x2', 'search[filter_float_first_registration_year:from]': 2019, 'search[filter_float_first_registration_year:to]': 2021, 'search[filter_enum_fuel_type][0]': 'diesel'}
2026-05-24 03:39:14 [INFO] scraper: A iniciar scraping: https://www.standvirtual.com/carros
2026-05-24 03:39:14 [INFO] scraper: Filtros ativos: {'brand': 'BMW', 'model': 'X2', 'year_from': 2019, 'year_to': 2021, 'fuel': 'diesel'}
2026-05-24 03:39:15 [INFO] scraper: Total de páginas a scraper: 2
2026-05-24 03:39:15 [INFO] scraper: Página 1/2: 32 anúncios
2026-05-24 03:39:39 [INFO] main: Limite de resultados atingido (10). A parar.
2026-05-24 03:39:39 [INFO] sender: Batch enviado: 10 snapshots. Total: 10
2026-05-24 03:39:39 [INFO] main: vehicle_type=car search_path=/carros max_results=10
2026-05-24 03:39:39 [INFO] debug: QUERY PARAMS FINAL: {'search[order]': 'created_at_first:desc', 'page': 1, 'search[filter_enum_make][0]': 'iveco', 'search[filter_enum_model][0]': 'daily', 'search[filter_float_first_registration_year:from]': 2020, 'search[filter_float_first_registration_year:to]': 2022, 'search[filter_enum_fuel_type][0]': 'diesel'}
2026-05-24 03:39:39 [INFO] scraper: PARAMS USADOS NA REQUEST: {'search[order]': 'created_at_first:desc', 'page': 1, 'search[filter_enum_make][0]': 'iveco', 'search[filter_enum_model][0]': 'daily', 'search[filter_float_first_registration_year:from]': 2020, 'search[filter_float_first_registration_year:to]': 2022, 'search[filter_enum_fuel_type][0]': 'diesel'}
2026-05-24 03:39:39 [INFO] scraper: A iniciar scraping: https://www.standvirtual.com/carros
2026-05-24 03:39:39 [INFO] scraper: Filtros ativos: {'brand': 'Iveco', 'model': 'Daily', 'year_from': 2020, 'year_to': 2022, 'fuel': 'diesel'}
2026-05-24 03:39:41 [INFO] scraper: Total de páginas a scraper: 1
2026-05-24 03:39:41 [INFO] scraper: Página 1/1: 3 anúncios
2026-05-24 03:39:47 [INFO] sender: Batch enviado: 3 snapshots. Total: 3
2026-05-24 03:39:47 [INFO] main: vehicle_type=car search_path=/carros max_results=10
2026-05-24 03:39:47 [INFO] debug: QUERY PARAMS FINAL: {'search[order]': 'created_at_first:desc', 'page': 1, 'search[filter_enum_make][0]': 'bmw', 'search[filter_enum_model][0]': '320', 'search[filter_float_first_registration_year:from]': 2020, 'search[filter_float_first_registration_year:to]': 2022, 'search[filter_enum_fuel_type][0]': 'diesel'}
2026-05-24 03:39:47 [INFO] scraper: PARAMS USADOS NA REQUEST: {'search[order]': 'created_at_first:desc', 'page': 1, 'search[filter_enum_make][0]': 'bmw', 'search[filter_enum_model][0]': '320', 'search[filter_float_first_registration_year:from]': 2020, 'search[filter_float_first_registration_year:to]': 2022, 'search[filter_enum_fuel_type][0]': 'diesel'}
2026-05-24 03:39:47 [INFO] scraper: A iniciar scraping: https://www.standvirtual.com/carros
2026-05-24 03:39:47 [INFO] scraper: Filtros ativos: {'brand': 'BMW', 'model': '320', 'year_from': 2020, 'year_to': 2022, 'fuel': 'diesel'}
2026-05-24 03:39:48 [INFO] scraper: Total de páginas a scraper: 2
2026-05-24 03:39:49 [INFO] scraper: Página 1/2: 32 anúncios
2026-05-24 03:40:09 [INFO] main: Limite de resultados atingido (10). A parar.
2026-05-24 03:40:10 [INFO] sender: Batch enviado: 10 snapshots. Total: 10
2026-05-24 03:40:10 [INFO] main: vehicle_type=car search_path=/carros max_results=10
2026-05-24 03:40:10 [INFO] debug: QUERY PARAMS FINAL: {'search[order]': 'created_at_first:desc', 'page': 1, 'search[filter_enum_make][0]': 'peugeot', 'search[filter_enum_model][0]': '308', 'search[filter_float_first_registration_year:from]': 2018, 'search[filter_float_first_registration_year:to]': 2020, 'search[filter_enum_fuel_type][0]': 'diesel'}
2026-05-24 03:40:10 [INFO] scraper: PARAMS USADOS NA REQUEST: {'search[order]': 'created_at_first:desc', 'page': 1, 'search[filter_enum_make][0]': 'peugeot', 'search[filter_enum_model][0]': '308', 'search[filter_float_first_registration_year:from]': 2018, 'search[filter_float_first_registration_year:to]': 2020, 'search[filter_enum_fuel_type][0]': 'diesel'}
2026-05-24 03:40:10 [INFO] scraper: A iniciar scraping: https://www.standvirtual.com/carros
2026-05-24 03:40:10 [INFO] scraper: Filtros ativos: {'brand': 'Peugeot', 'model': '308', 'year_from': 2018, 'year_to': 2020, 'fuel': 'diesel'}
2026-05-24 03:40:11 [INFO] scraper: Total de páginas a scraper: 3
2026-05-24 03:40:11 [INFO] scraper: Página 1/3: 32 anúncios
2026-05-24 03:40:33 [INFO] main: Limite de resultados atingido (10). A parar.
2026-05-24 03:40:33 [INFO] sender: Batch enviado: 10 snapshots. Total: 10
2026-05-24 03:40:33 [INFO] main: vehicle_type=car search_path=/carros max_results=10
2026-05-24 03:40:33 [INFO] debug: QUERY PARAMS FINAL: {'search[order]': 'created_at_first:desc', 'page': 1, 'search[filter_enum_make][0]': 'renault', 'search[filter_enum_model][0]': 'grand-scenic', 'search[filter_float_first_registration_year:from]': 2018, 'search[filter_float_first_registration_year:to]': 2020, 'search[filter_enum_fuel_type][0]': 'diesel'}
2026-05-24 03:40:33 [INFO] scraper: PARAMS USADOS NA REQUEST: {'search[order]': 'created_at_first:desc', 'page': 1, 'search[filter_enum_make][0]': 'renault', 'search[filter_enum_model][0]': 'grand-scenic', 'search[filter_float_first_registration_year:from]': 2018, 'search[filter_float_first_registration_year:to]': 2020, 'search[filter_enum_fuel_type][0]': 'diesel'}
2026-05-24 03:40:33 [INFO] scraper: A iniciar scraping: https://www.standvirtual.com/carros
2026-05-24 03:40:33 [INFO] scraper: Filtros ativos: {'brand': 'Renault', 'model': 'Grand Scenic', 'year_from': 2018, 'year_to': 2020, 'fuel': 'diesel'}
2026-05-24 03:40:35 [INFO] scraper: Total de páginas a scraper: 2
2026-05-24 03:40:35 [INFO] scraper: Página 1/2: 32 anúncios
2026-05-24 03:40:56 [INFO] main: Limite de resultados atingido (10). A parar.
2026-05-24 03:40:56 [INFO] sender: Batch enviado: 10 snapshots. Total: 10
2026-05-24 03:40:57 [INFO] main: vehicle_type=car search_path=/carros max_results=10
2026-05-24 03:40:57 [INFO] debug: QUERY PARAMS FINAL: {'search[order]': 'created_at_first:desc', 'page': 1, 'search[filter_enum_make][0]': 'mercedes-benz', 'search[filter_enum_model][0]': 'c-220', 'search[filter_float_first_registration_year:from]': 2019, 'search[filter_float_first_registration_year:to]': 2021, 'search[filter_enum_fuel_type][0]': 'diesel'}
2026-05-24 03:40:57 [INFO] scraper: PARAMS USADOS NA REQUEST: {'search[order]': 'created_at_first:desc', 'page': 1, 'search[filter_enum_make][0]': 'mercedes-benz', 'search[filter_enum_model][0]': 'c-220', 'search[filter_float_first_registration_year:from]': 2019, 'search[filter_float_first_registration_year:to]': 2021, 'search[filter_enum_fuel_type][0]': 'diesel'}
2026-05-24 03:40:57 [INFO] scraper: A iniciar scraping: https://www.standvirtual.com/carros
2026-05-24 03:40:57 [INFO] scraper: Filtros ativos: {'brand': 'Mercedes-Benz', 'model': 'C 220', 'year_from': 2019, 'year_to': 2021, 'fuel': 'diesel'}
2026-05-24 03:40:58 [INFO] scraper: Total de páginas a scraper: 2
2026-05-24 03:40:58 [INFO] scraper: Página 1/2: 32 anúncios
2026-05-24 03:41:20 [INFO] main: Limite de resultados atingido (10). A parar.
2026-05-24 03:41:20 [INFO] sender: Batch enviado: 10 snapshots. Total: 10
2026-05-24 03:41:20 [INFO] main: vehicle_type=car search_path=/carros max_results=10
2026-05-24 03:41:20 [INFO] debug: QUERY PARAMS FINAL: {'search[order]': 'created_at_first:desc', 'page': 1, 'search[filter_enum_make][0]': 'citroen', 'search[filter_enum_model][0]': 'c3-aircross', 'search[filter_float_first_registration_year:from]': 2018, 'search[filter_float_first_registration_year:to]': 2020, 'search[filter_enum_fuel_type][0]': 'diesel'}
2026-05-24 03:41:20 [INFO] scraper: PARAMS USADOS NA REQUEST: {'search[order]': 'created_at_first:desc', 'page': 1, 'search[filter_enum_make][0]': 'citroen', 'search[filter_enum_model][0]': 'c3-aircross', 'search[filter_float_first_registration_year:from]': 2018, 'search[filter_float_first_registration_year:to]': 2020, 'search[filter_enum_fuel_type][0]': 'diesel'}
2026-05-24 03:41:20 [INFO] scraper: A iniciar scraping: https://www.standvirtual.com/carros
2026-05-24 03:41:20 [INFO] scraper: Filtros ativos: {'brand': 'Citroën', 'model': 'C3 Aircross', 'year_from': 2018, 'year_to': 2020, 'fuel': 'diesel'}
2026-05-24 03:41:22 [INFO] scraper: Total de páginas a scraper: 1
2026-05-24 03:41:22 [INFO] scraper: Página 1/1: 27 anúncios
2026-05-24 03:41:46 [INFO] main: Limite de resultados atingido (10). A parar.
2026-05-24 03:41:46 [INFO] sender: Batch enviado: 10 snapshots. Total: 10
